# JRE version: OpenJDK Runtime Environment JBR-17.0.14+1-1367.22-nomod (17.0.14+1) (build 17.0.14+1-b1367.22)
# Java VM: OpenJDK 64-Bit Server VM JBR-17.0.14+1-1367.22-nomod (17.0.14+1-b1367.22, mixed mode, sharing, tiered, compressed oops, compressed class ptrs, g1 gc, windows-amd64)
GC Precious Log:
 CPUs: 12 total, 12 available
 Memory: 6034M
 Large Page Support: Disabled
 NUMA Support: Disabled
 Compressed Oops: Enabled (32-bit)
 Heap Region Size: 1M
 Heap Min Capacity: 8M
 Heap Initial Capacity: 96M
 Heap Max Capacity: 2G
 Pre-touch: Disabled
 Parallel Workers: 10
 Concurrent Workers: 3
 Concurrent Refinement Workers: 10
 Periodic GC: Disabled
Heap:
 garbage-first heap   total 264192K, used 169831K [0x0000000080000000, 0x0000000100000000)
  region size 1024K, 5 young (5120K), 5 survivors (5120K)
 Metaspace       used 131940K, committed 133056K, reserved 557056K
  class space    used 17524K, committed 18112K, reserved 425984K
GC Heap History (20 events):
Event: 191.531 GC heap after
{Heap after GC invocations=55 (full 0):
 garbage-first heap   total 220160K, used 155154K [0x0000000080000000, 0x0000000100000000)
  region size 1024K, 4 young (4096K), 4 survivors (4096K)
 Metaspace       used 130820K, committed 131968K, reserved 557056K
  class space    used 17400K, committed 17984K, reserved 425984K
}
Event: 192.164 GC heap before
{Heap before GC invocations=55 (full 0):
 garbage-first heap   total 220160K, used 188946K [0x0000000080000000, 0x0000000100000000)
  region size 1024K, 36 young (36864K), 4 survivors (4096K)
 Metaspace       used 131376K, committed 132544K, reserved 557056K
  class space    used 17466K, committed 18048K, reserved 425984K
}
Event: 192.169 GC heap after
{Heap after GC invocations=56 (full 0):
 garbage-first heap   total 220160K, used 159142K [0x0000000080000000, 0x0000000100000000)
  region size 1024K, 4 young (4096K), 4 survivors (4096K)
 Metaspace       used 131376K, committed 132544K, reserved 557056K
  class space    used 17466K, committed 18048K, reserved 425984K
}
Event: 192.218 GC heap before
{Heap before GC invocations=56 (full 0):
 garbage-first heap   total 220160K, used 188838K [0x0000000080000000, 0x0000000100000000)
  region size 1024K, 34 young (34816K), 4 survivors (4096K)
 Metaspace       used 131376K, committed 132544K, reserved 557056K
  class space    used 17466K, committed 18048K, reserved 425984K
}
Event: 192.222 GC heap after
{Heap after GC invocations=57 (full 0):
 garbage-first heap   total 220160K, used 159650K [0x0000000080000000, 0x0000000100000000)
  region size 1024K, 3 young (3072K), 3 survivors (3072K)
 Metaspace       used 131376K, committed 132544K, reserved 557056K
  class space    used 17466K, committed 18048K, reserved 425984K
}
Event: 192.269 GC heap before
{Heap before GC invocations=57 (full 0):
 garbage-first heap   total 220160K, used 190370K [0x0000000080000000, 0x0000000100000000)
  region size 1024K, 33 young (33792K), 3 survivors (3072K)
 Metaspace       used 131377K, committed 132544K, reserved 557056K
  class space    used 17466K, committed 18048K, reserved 425984K
}
Event: 192.271 GC heap after
{Heap after GC invocations=58 (full 0):
 garbage-first heap   total 220160K, used 160018K [0x0000000080000000, 0x0000000100000000)
  region size 1024K, 3 young (3072K), 3 survivors (3072K)
 Metaspace       used 131377K, committed 132544K, reserved 557056K
  class space    used 17466K, committed 18048K, reserved 425984K
}
Event: 192.365 GC heap before
{Heap before GC invocations=58 (full 0):
 garbage-first heap   total 220160K, used 191762K [0x0000000080000000, 0x0000000100000000)
  region size 1024K, 34 young (34816K), 3 survivors (3072K)
 Metaspace       used 131377K, committed 132544K, reserved 557056K
  class space    used 17466K, committed 18048K, reserved 425984K
}
Event: 192.377 GC heap after
{Heap after GC invocations=59 (full 0):
 garbage-first heap   total 264192K, used 160509K [0x0000000080000000, 0x0000000100000000)
  region size 1024K, 2 young (2048K), 2 survivors (2048K)
 Metaspace       used 131377K, committed 132544K, reserved 557056K
  class space    used 17466K, committed 18048K, reserved 425984K
}
Event: 193.350 GC heap before
{Heap before GC invocations=59 (full 0):
 garbage-first heap   total 264192K, used 226045K [0x0000000080000000, 0x0000000100000000)
  region size 1024K, 66 young (67584K), 2 survivors (2048K)
 Metaspace       used 131658K, committed 132800K, reserved 557056K
  class space    used 17499K, committed 18048K, reserved 425984K
}
Event: 193.364 GC heap after
{Heap after GC invocations=60 (full 0):
 garbage-first heap   total 264192K, used 159799K [0x0000000080000000, 0x0000000100000000)
  region size 1024K, 3 young (3072K), 3 survivors (3072K)
 Metaspace       used 131658K, committed 132800K, reserved 557056K
  class space    used 17499K, committed 18048K, reserved 425984K
}
Event: 193.610 GC heap before
{Heap before GC invocations=60 (full 0):
 garbage-first heap   total 264192K, used 234551K [0x0000000080000000, 0x0000000100000000)
  region size 1024K, 70 young (71680K), 3 survivors (3072K)
 Metaspace       used 131765K, committed 132864K, reserved 557056K
  class space    used 17506K, committed 18048K, reserved 425984K
}
Event: 193.613 GC heap after
{Heap after GC invocations=61 (full 0):
 garbage-first heap   total 264192K, used 165860K [0x0000000080000000, 0x0000000100000000)
  region size 1024K, 8 young (8192K), 8 survivors (8192K)
 Metaspace       used 131765K, committed 132864K, reserved 557056K
  class space    used 17506K, committed 18048K, reserved 425984K
}
Event: 193.660 GC heap before
{Heap before GC invocations=61 (full 0):
 garbage-first heap   total 264192K, used 226276K [0x0000000080000000, 0x0000000100000000)
  region size 1024K, 67 young (68608K), 8 survivors (8192K)
 Metaspace       used 131808K, committed 132992K, reserved 557056K
  class space    used 17511K, committed 18112K, reserved 425984K
}
Event: 193.684 GC heap after
{Heap after GC invocations=62 (full 0):
 garbage-first heap   total 264192K, used 168871K [0x0000000080000000, 0x0000000100000000)
  region size 1024K, 4 young (4096K), 4 survivors (4096K)
 Metaspace       used 131808K, committed 132992K, reserved 557056K
  class space    used 17511K, committed 18112K, reserved 425984K
}
Event: 193.736 GC heap before
{Heap before GC invocations=62 (full 0):
 garbage-first heap   total 264192K, used 227239K [0x0000000080000000, 0x0000000100000000)
  region size 1024K, 61 young (62464K), 4 survivors (4096K)
 Metaspace       used 131868K, committed 132992K, reserved 557056K
  class space    used 17519K, committed 18112K, reserved 425984K
}
Event: 193.737 GC heap after
{Heap after GC invocations=63 (full 0):
 garbage-first heap   total 264192K, used 168377K [0x0000000080000000, 0x0000000100000000)
  region size 1024K, 3 young (3072K), 3 survivors (3072K)
 Metaspace       used 131868K, committed 132992K, reserved 557056K
  class space    used 17519K, committed 18112K, reserved 425984K
}
Event: 193.803 GC heap before
{Heap before GC invocations=63 (full 0):
 garbage-first heap   total 264192K, used 228793K [0x0000000080000000, 0x0000000100000000)
  region size 1024K, 62 young (63488K), 3 survivors (3072K)
 Metaspace       used 131930K, committed 133056K, reserved 557056K
  class space    used 17522K, committed 18112K, reserved 425984K
}
Event: 194.019 GC heap after
{Heap after GC invocations=64 (full 0):
 garbage-first heap   total 264192K, used 168584K [0x0000000080000000, 0x0000000100000000)
  region size 1024K, 4 young (4096K), 4 survivors (4096K)
 Metaspace       used 131930K, committed 133056K, reserved 557056K
  class space    used 17522K, committed 18112K, reserved 425984K
}
Event: 194.712 GC heap before
{Heap before GC invocations=64 (full 0):
 garbage-first heap   total 264192K, used 229000K [0x0000000080000000, 0x0000000100000000)
  region size 1024K, 63 young (64512K), 4 survivors (4096K)
 Metaspace       used 131940K, committed 133056K, reserved 557056K
  class space    used 17524K, committed 18112K, reserved 425984K
}

