# JRE version: OpenJDK Runtime Environment (21.0.10) (build 21.0.10+-14961533-b1163.108)
# Java VM: OpenJDK 64-Bit Server VM (21.0.10+-14961533-b1163.108, mixed mode, tiered, compressed oops, compressed class ptrs, g1 gc, windows-amd64)
GC Precious Log:
 CardTable entry size: 512
 Card Set container configuration: InlinePtr #cards 5 size 8 Array Of Cards #cards 12 size 40 Howl #buckets 4 coarsen threshold 1843 Howl Bitmap #cards 512 size 80 coarsen threshold 460 Card regions per heap region 1 cards per card region 2048
 CPUs: 12 total, 12 available
 Memory: 6034M
 Large Page Support: Disabled
 NUMA Support: Disabled
 Compressed Oops: Enabled (32-bit)
 Heap Region Size: 1M
 Heap Min Capacity: 8M
 Heap Initial Capacity: 96M
 Heap Max Capacity: 2G
 Pre-touch: Disabled
 Parallel Workers: 10
 Concurrent Workers: 3
 Concurrent Refinement Workers: 10
 Periodic GC: Disabled
Heap:
 garbage-first heap   total 227328K, used 152731K [0x0000000080000000, 0x0000000100000000)
  region size 1024K, 8 young (8192K), 8 survivors (8192K)
 Metaspace       used 110707K, committed 112640K, reserved 557056K
  class space    used 15352K, committed 16320K, reserved 425984K
GC Heap History (20 events):
Event: 19.615 GC heap after
{Heap after GC invocations=34 (full 0):
 garbage-first heap   total 152576K, used 85631K [0x0000000080000000, 0x0000000100000000)
  region size 1024K, 7 young (7168K), 7 survivors (7168K)
 Metaspace       used 101746K, committed 103616K, reserved 557056K
  class space    used 14211K, committed 15104K, reserved 425984K
}
Event: 20.502 GC heap before
{Heap before GC invocations=34 (full 0):
 garbage-first heap   total 152576K, used 113279K [0x0000000080000000, 0x0000000100000000)
  region size 1024K, 36 young (36864K), 7 survivors (7168K)
 Metaspace       used 103714K, committed 105600K, reserved 557056K
  class space    used 14464K, committed 15360K, reserved 425984K
}
Event: 20.507 GC heap after
{Heap after GC invocations=35 (full 0):
 garbage-first heap   total 152576K, used 88443K [0x0000000080000000, 0x0000000100000000)
  region size 1024K, 7 young (7168K), 7 survivors (7168K)
 Metaspace       used 103714K, committed 105600K, reserved 557056K
  class space    used 14464K, committed 15360K, reserved 425984K
}
Event: 23.137 GC heap before
{Heap before GC invocations=36 (full 0):
 garbage-first heap   total 153600K, used 136571K [0x0000000080000000, 0x0000000100000000)
  region size 1024K, 53 young (54272K), 7 survivors (7168K)
 Metaspace       used 106221K, committed 108160K, reserved 557056K
  class space    used 14793K, committed 15744K, reserved 425984K
}
Event: 23.143 GC heap after
{Heap after GC invocations=37 (full 0):
 garbage-first heap   total 153600K, used 94734K [0x0000000080000000, 0x0000000100000000)
  region size 1024K, 7 young (7168K), 7 survivors (7168K)
 Metaspace       used 106221K, committed 108160K, reserved 557056K
  class space    used 14793K, committed 15744K, reserved 425984K
}
Event: 24.079 GC heap before
{Heap before GC invocations=37 (full 0):
 garbage-first heap   total 153600K, used 137742K [0x0000000080000000, 0x0000000100000000)
  region size 1024K, 50 young (51200K), 7 survivors (7168K)
 Metaspace       used 108234K, committed 110144K, reserved 557056K
  class space    used 15045K, committed 16000K, reserved 425984K
}
Event: 24.084 GC heap after
{Heap after GC invocations=38 (full 0):
 garbage-first heap   total 153600K, used 99877K [0x0000000080000000, 0x0000000100000000)
  region size 1024K, 7 young (7168K), 7 survivors (7168K)
 Metaspace       used 108234K, committed 110144K, reserved 557056K
  class space    used 15045K, committed 16000K, reserved 425984K
}
Event: 24.740 GC heap before
{Heap before GC invocations=38 (full 0):
 garbage-first heap   total 153600K, used 137765K [0x0000000080000000, 0x0000000100000000)
  region size 1024K, 45 young (46080K), 7 survivors (7168K)
 Metaspace       used 109343K, committed 111296K, reserved 557056K
  class space    used 15197K, committed 16192K, reserved 425984K
}
Event: 24.745 GC heap after
{Heap after GC invocations=39 (full 0):
 garbage-first heap   total 153600K, used 105203K [0x0000000080000000, 0x0000000100000000)
  region size 1024K, 6 young (6144K), 6 survivors (6144K)
 Metaspace       used 109343K, committed 111296K, reserved 557056K
  class space    used 15197K, committed 16192K, reserved 425984K
}
Event: 25.019 GC heap before
{Heap before GC invocations=40 (full 0):
 garbage-first heap   total 178176K, used 141043K [0x0000000080000000, 0x0000000100000000)
  region size 1024K, 40 young (40960K), 6 survivors (6144K)
 Metaspace       used 109812K, committed 111744K, reserved 557056K
  class space    used 15262K, committed 16256K, reserved 425984K
}
Event: 25.030 GC heap after
{Heap after GC invocations=41 (full 0):
 garbage-first heap   total 178176K, used 114167K [0x0000000080000000, 0x0000000100000000)
  region size 1024K, 5 young (5120K), 5 survivors (5120K)
 Metaspace       used 109812K, committed 111744K, reserved 557056K
  class space    used 15262K, committed 16256K, reserved 425984K
}
Event: 25.205 GC heap before
{Heap before GC invocations=41 (full 0):
 garbage-first heap   total 178176K, used 156151K [0x0000000080000000, 0x0000000100000000)
  region size 1024K, 47 young (48128K), 5 survivors (5120K)
 Metaspace       used 110202K, committed 112128K, reserved 557056K
  class space    used 15300K, committed 16256K, reserved 425984K
}
Event: 25.211 GC heap after
{Heap after GC invocations=42 (full 0):
 garbage-first heap   total 178176K, used 123291K [0x0000000080000000, 0x0000000100000000)
  region size 1024K, 6 young (6144K), 6 survivors (6144K)
 Metaspace       used 110202K, committed 112128K, reserved 557056K
  class space    used 15300K, committed 16256K, reserved 425984K
}
Event: 25.284 GC heap before
{Heap before GC invocations=42 (full 0):
 garbage-first heap   total 178176K, used 157083K [0x0000000080000000, 0x0000000100000000)
  region size 1024K, 40 young (40960K), 6 survivors (6144K)
 Metaspace       used 110429K, committed 112320K, reserved 557056K
  class space    used 15318K, committed 16256K, reserved 425984K
}
Event: 25.290 GC heap after
{Heap after GC invocations=43 (full 0):
 garbage-first heap   total 178176K, used 127484K [0x0000000080000000, 0x0000000100000000)
  region size 1024K, 5 young (5120K), 5 survivors (5120K)
 Metaspace       used 110429K, committed 112320K, reserved 557056K
  class space    used 15318K, committed 16256K, reserved 425984K
}
Event: 25.319 GC heap before
{Heap before GC invocations=43 (full 0):
 garbage-first heap   total 178176K, used 159228K [0x0000000080000000, 0x0000000100000000)
  region size 1024K, 37 young (37888K), 5 survivors (5120K)
 Metaspace       used 110437K, committed 112320K, reserved 557056K
  class space    used 15318K, committed 16256K, reserved 425984K
}
Event: 25.327 GC heap after
{Heap after GC invocations=44 (full 0):
 garbage-first heap   total 178176K, used 135296K [0x0000000080000000, 0x0000000100000000)
  region size 1024K, 5 young (5120K), 5 survivors (5120K)
 Metaspace       used 110437K, committed 112320K, reserved 557056K
  class space    used 15318K, committed 16256K, reserved 425984K
}
Event: 25.384 GC heap before
{Heap before GC invocations=45 (full 0):
 garbage-first heap   total 227328K, used 160896K [0x0000000080000000, 0x0000000100000000)
  region size 1024K, 31 young (31744K), 5 survivors (5120K)
 Metaspace       used 110441K, committed 112320K, reserved 557056K
  class space    used 15318K, committed 16256K, reserved 425984K
}
Event: 25.392 GC heap after
{Heap after GC invocations=46 (full 0):
 garbage-first heap   total 227328K, used 140729K [0x0000000080000000, 0x0000000100000000)
  region size 1024K, 4 young (4096K), 4 survivors (4096K)
 Metaspace       used 110441K, committed 112320K, reserved 557056K
  class space    used 15318K, committed 16256K, reserved 425984K
}
Event: 25.491 GC heap before
{Heap before GC invocations=46 (full 0):
 garbage-first heap   total 227328K, used 196025K [0x0000000080000000, 0x0000000100000000)
  region size 1024K, 59 young (60416K), 4 survivors (4096K)
 Metaspace       used 110707K, committed 112640K, reserved 557056K
  class space    used 15352K, committed 16320K, reserved 425984K
}

