# JRE version: OpenJDK Runtime Environment JBR-17.0.14+1-1367.22-nomod (17.0.14+1) (build 17.0.14+1-b1367.22)
# Java VM: OpenJDK 64-Bit Server VM JBR-17.0.14+1-1367.22-nomod (17.0.14+1-b1367.22, mixed mode, sharing, tiered, compressed oops, compressed class ptrs, g1 gc, windows-amd64)
GC Precious Log:
 CPUs: 12 total, 12 available
 Memory: 6034M
 Large Page Support: Disabled
 NUMA Support: Disabled
 Compressed Oops: Enabled (32-bit)
 Heap Region Size: 1M
 Heap Min Capacity: 8M
 Heap Initial Capacity: 96M
 Heap Max Capacity: 2G
 Pre-touch: Disabled
 Parallel Workers: 10
 Concurrent Workers: 3
 Concurrent Refinement Workers: 10
 Periodic GC: Disabled
Heap:
 garbage-first heap   total 344064K, used 169991K [0x0000000080000000, 0x0000000100000000)
  region size 1024K, 4 young (4096K), 4 survivors (4096K)
 Metaspace       used 136126K, committed 137280K, reserved 557056K
  class space    used 18363K, committed 18880K, reserved 425984K
GC Heap History (20 events):
Event: 39.386 GC heap after
{Heap after GC invocations=85 (full 0):
 garbage-first heap   total 344064K, used 173582K [0x0000000080000000, 0x0000000100000000)
  region size 1024K, 2 young (2048K), 2 survivors (2048K)
 Metaspace       used 115402K, committed 116224K, reserved 557056K
  class space    used 16030K, committed 16384K, reserved 425984K
}
Event: 40.089 GC heap before
{Heap before GC invocations=85 (full 0):
 garbage-first heap   total 344064K, used 194062K [0x0000000080000000, 0x0000000100000000)
  region size 1024K, 24 young (24576K), 2 survivors (2048K)
 Metaspace       used 117238K, committed 118080K, reserved 557056K
  class space    used 16211K, committed 16576K, reserved 425984K
}
Event: 40.092 GC heap after
{Heap after GC invocations=86 (full 0):
 garbage-first heap   total 344064K, used 174010K [0x0000000080000000, 0x0000000100000000)
  region size 1024K, 3 young (3072K), 3 survivors (3072K)
 Metaspace       used 117238K, committed 118080K, reserved 557056K
  class space    used 16211K, committed 16576K, reserved 425984K
}
Event: 42.012 GC heap before
{Heap before GC invocations=87 (full 0):
 garbage-first heap   total 344064K, used 247738K [0x0000000080000000, 0x0000000100000000)
  region size 1024K, 101 young (103424K), 3 survivors (3072K)
 Metaspace       used 122259K, committed 123200K, reserved 557056K
  class space    used 16833K, committed 17280K, reserved 425984K
}
Event: 42.017 GC heap after
{Heap after GC invocations=88 (full 0):
 garbage-first heap   total 344064K, used 150233K [0x0000000080000000, 0x0000000100000000)
  region size 1024K, 8 young (8192K), 8 survivors (8192K)
 Metaspace       used 122259K, committed 123200K, reserved 557056K
  class space    used 16833K, committed 17280K, reserved 425984K
}
Event: 42.398 GC heap before
{Heap before GC invocations=88 (full 0):
 garbage-first heap   total 344064K, used 158425K [0x0000000080000000, 0x0000000100000000)
  region size 1024K, 16 young (16384K), 8 survivors (8192K)
 Metaspace       used 123058K, committed 123968K, reserved 557056K
  class space    used 16929K, committed 17344K, reserved 425984K
}
Event: 42.401 GC heap after
{Heap after GC invocations=89 (full 0):
 garbage-first heap   total 344064K, used 148025K [0x0000000080000000, 0x0000000100000000)
  region size 1024K, 2 young (2048K), 2 survivors (2048K)
 Metaspace       used 123058K, committed 123968K, reserved 557056K
  class space    used 16929K, committed 17344K, reserved 425984K
}
Event: 219.542 GC heap before
{Heap before GC invocations=89 (full 0):
 garbage-first heap   total 344064K, used 240185K [0x0000000080000000, 0x0000000100000000)
  region size 1024K, 94 young (96256K), 2 survivors (2048K)
 Metaspace       used 128198K, committed 129216K, reserved 557056K
  class space    used 17444K, committed 17920K, reserved 425984K
}
Event: 219.781 GC heap after
{Heap after GC invocations=90 (full 0):
 garbage-first heap   total 344064K, used 154430K [0x0000000080000000, 0x0000000100000000)
  region size 1024K, 8 young (8192K), 8 survivors (8192K)
 Metaspace       used 128198K, committed 129216K, reserved 557056K
  class space    used 17444K, committed 17920K, reserved 425984K
}
Event: 221.481 GC heap before
{Heap before GC invocations=91 (full 0):
 garbage-first heap   total 344064K, used 214846K [0x0000000080000000, 0x0000000100000000)
  region size 1024K, 66 young (67584K), 8 survivors (8192K)
 Metaspace       used 129793K, committed 130880K, reserved 557056K
  class space    used 17667K, committed 18176K, reserved 425984K
}
Event: 221.550 GC heap after
{Heap after GC invocations=92 (full 0):
 garbage-first heap   total 344064K, used 162984K [0x0000000080000000, 0x0000000100000000)
  region size 1024K, 8 young (8192K), 8 survivors (8192K)
 Metaspace       used 129793K, committed 130880K, reserved 557056K
  class space    used 17667K, committed 18176K, reserved 425984K
}
Event: 221.585 GC heap before
{Heap before GC invocations=92 (full 0):
 garbage-first heap   total 344064K, used 171176K [0x0000000080000000, 0x0000000100000000)
  region size 1024K, 16 young (16384K), 8 survivors (8192K)
 Metaspace       used 129813K, committed 130944K, reserved 557056K
  class space    used 17669K, committed 18176K, reserved 425984K
}
Event: 221.670 GC heap after
{Heap after GC invocations=93 (full 0):
 garbage-first heap   total 344064K, used 156398K [0x0000000080000000, 0x0000000100000000)
  region size 1024K, 2 young (2048K), 2 survivors (2048K)
 Metaspace       used 129813K, committed 130944K, reserved 557056K
  class space    used 17669K, committed 18176K, reserved 425984K
}
Event: 234.998 GC heap before
{Heap before GC invocations=93 (full 0):
 garbage-first heap   total 344064K, used 246510K [0x0000000080000000, 0x0000000100000000)
  region size 1024K, 92 young (94208K), 2 survivors (2048K)
 Metaspace       used 132816K, committed 133952K, reserved 557056K
  class space    used 18040K, committed 18560K, reserved 425984K
}
Event: 235.293 GC heap after
{Heap after GC invocations=94 (full 0):
 garbage-first heap   total 344064K, used 169984K [0x0000000080000000, 0x0000000100000000)
  region size 1024K, 14 young (14336K), 14 survivors (14336K)
 Metaspace       used 132816K, committed 133952K, reserved 557056K
  class space    used 18040K, committed 18560K, reserved 425984K
}
Event: 237.135 GC heap before
{Heap before GC invocations=95 (full 0):
 garbage-first heap   total 344064K, used 177152K [0x0000000080000000, 0x0000000100000000)
  region size 1024K, 16 young (16384K), 14 survivors (14336K)
 Metaspace       used 132956K, committed 134080K, reserved 557056K
  class space    used 18048K, committed 18560K, reserved 425984K
}
Event: 237.991 GC heap after
{Heap after GC invocations=96 (full 0):
 garbage-first heap   total 344064K, used 170339K [0x0000000080000000, 0x0000000100000000)
  region size 1024K, 2 young (2048K), 2 survivors (2048K)
 Metaspace       used 132956K, committed 134080K, reserved 557056K
  class space    used 18048K, committed 18560K, reserved 425984K
}
Event: 238.601 GC heap before
{Heap before GC invocations=96 (full 0):
 garbage-first heap   total 344064K, used 184675K [0x0000000080000000, 0x0000000100000000)
  region size 1024K, 16 young (16384K), 2 survivors (2048K)
 Metaspace       used 133221K, committed 134336K, reserved 557056K
  class space    used 18093K, committed 18624K, reserved 425984K
}
Event: 238.640 GC heap after
{Heap after GC invocations=97 (full 0):
 garbage-first heap   total 344064K, used 168935K [0x0000000080000000, 0x0000000100000000)
  region size 1024K, 2 young (2048K), 2 survivors (2048K)
 Metaspace       used 133221K, committed 134336K, reserved 557056K
  class space    used 18093K, committed 18624K, reserved 425984K
}
Event: 243.731 GC heap before
{Heap before GC invocations=97 (full 0):
 garbage-first heap   total 344064K, used 197607K [0x0000000080000000, 0x0000000100000000)
  region size 1024K, 31 young (31744K), 2 survivors (2048K)
 Metaspace       used 136126K, committed 137280K, reserved 557056K
  class space    used 18363K, committed 18880K, reserved 425984K
}

