# JRE version: OpenJDK Runtime Environment (21.0.10) (build 21.0.10+-14961533-b1163.108)
# Java VM: OpenJDK 64-Bit Server VM (21.0.10+-14961533-b1163.108, mixed mode, tiered, compressed oops, compressed class ptrs, g1 gc, windows-amd64)
GC Precious Log:
 CardTable entry size: 512
 Card Set container configuration: InlinePtr #cards 5 size 8 Array Of Cards #cards 12 size 40 Howl #buckets 4 coarsen threshold 1843 Howl Bitmap #cards 512 size 80 coarsen threshold 460 Card regions per heap region 1 cards per card region 2048
 CPUs: 12 total, 12 available
 Memory: 6034M
 Large Page Support: Disabled
 NUMA Support: Disabled
 Compressed Oops: Enabled (32-bit)
 Heap Region Size: 1M
 Heap Min Capacity: 8M
 Heap Initial Capacity: 96M
 Heap Max Capacity: 2G
 Pre-touch: Disabled
 Parallel Workers: 10
 Concurrent Workers: 3
 Concurrent Refinement Workers: 10
 Periodic GC: Disabled
Heap:
 garbage-first heap   total 106496K, used 79068K [0x0000000080000000, 0x0000000100000000)
  region size 1024K, 24 young (24576K), 2 survivors (2048K)
 Metaspace       used 72934K, committed 74496K, reserved 491520K
  class space    used 9962K, committed 10752K, reserved 425984K
GC Heap History (20 events):
Event: 4.492 GC heap before
{Heap before GC invocations=6 (full 0):
 garbage-first heap   total 80896K, used 62208K [0x0000000080000000, 0x0000000100000000)
  region size 1024K, 47 young (48128K), 7 survivors (7168K)
 Metaspace       used 35003K, committed 35840K, reserved 491520K
  class space    used 4845K, committed 5248K, reserved 425984K
}
Event: 4.496 GC heap after
{Heap after GC invocations=7 (full 0):
 garbage-first heap   total 80896K, used 25115K [0x0000000080000000, 0x0000000100000000)
  region size 1024K, 6 young (6144K), 6 survivors (6144K)
 Metaspace       used 35003K, committed 35840K, reserved 491520K
  class space    used 4845K, committed 5248K, reserved 425984K
}
Event: 4.500 GC heap before
{Heap before GC invocations=7 (full 0):
 garbage-first heap   total 80896K, used 25115K [0x0000000080000000, 0x0000000100000000)
  region size 1024K, 7 young (7168K), 6 survivors (6144K)
 Metaspace       used 35077K, committed 35968K, reserved 491520K
  class space    used 4857K, committed 5312K, reserved 425984K
}
Event: 4.503 GC heap after
{Heap after GC invocations=8 (full 0):
 garbage-first heap   total 80896K, used 25306K [0x0000000080000000, 0x0000000100000000)
  region size 1024K, 3 young (3072K), 3 survivors (3072K)
 Metaspace       used 35077K, committed 35968K, reserved 491520K
  class space    used 4857K, committed 5312K, reserved 425984K
}
Event: 6.011 GC heap before
{Heap before GC invocations=9 (full 0):
 garbage-first heap   total 80896K, used 69338K [0x0000000080000000, 0x0000000100000000)
  region size 1024K, 46 young (47104K), 3 survivors (3072K)
 Metaspace       used 43672K, committed 44736K, reserved 491520K
  class space    used 5993K, committed 6528K, reserved 425984K
}
Event: 6.014 GC heap after
{Heap after GC invocations=10 (full 0):
 garbage-first heap   total 97280K, used 28642K [0x0000000080000000, 0x0000000100000000)
  region size 1024K, 6 young (6144K), 6 survivors (6144K)
 Metaspace       used 43672K, committed 44736K, reserved 491520K
  class space    used 5993K, committed 6528K, reserved 425984K
}
Event: 7.044 GC heap before
{Heap before GC invocations=10 (full 0):
 garbage-first heap   total 97280K, used 85986K [0x0000000080000000, 0x0000000100000000)
  region size 1024K, 57 young (58368K), 6 survivors (6144K)
 Metaspace       used 48787K, committed 50048K, reserved 491520K
  class space    used 6692K, committed 7296K, reserved 425984K
}
Event: 7.049 GC heap after
{Heap after GC invocations=11 (full 0):
 garbage-first heap   total 98304K, used 33404K [0x0000000080000000, 0x0000000100000000)
  region size 1024K, 8 young (8192K), 8 survivors (8192K)
 Metaspace       used 48787K, committed 50048K, reserved 491520K
  class space    used 6692K, committed 7296K, reserved 425984K
}
Event: 8.088 GC heap before
{Heap before GC invocations=11 (full 0):
 garbage-first heap   total 98304K, used 84604K [0x0000000080000000, 0x0000000100000000)
  region size 1024K, 57 young (58368K), 8 survivors (8192K)
 Metaspace       used 54610K, committed 56000K, reserved 491520K
  class space    used 7524K, committed 8192K, reserved 425984K
}
Event: 8.092 GC heap after
{Heap after GC invocations=12 (full 0):
 garbage-first heap   total 98304K, used 36358K [0x0000000080000000, 0x0000000100000000)
  region size 1024K, 8 young (8192K), 8 survivors (8192K)
 Metaspace       used 54610K, committed 56000K, reserved 491520K
  class space    used 7524K, committed 8192K, reserved 425984K
}
Event: 16.048 GC heap before
{Heap before GC invocations=12 (full 0):
 garbage-first heap   total 98304K, used 89606K [0x0000000080000000, 0x0000000100000000)
  region size 1024K, 56 young (57344K), 8 survivors (8192K)
 Metaspace       used 57599K, committed 59072K, reserved 491520K
  class space    used 7927K, committed 8640K, reserved 425984K
}
Event: 16.053 GC heap after
{Heap after GC invocations=13 (full 0):
 garbage-first heap   total 106496K, used 47538K [0x0000000080000000, 0x0000000100000000)
  region size 1024K, 7 young (7168K), 7 survivors (7168K)
 Metaspace       used 57599K, committed 59072K, reserved 491520K
  class space    used 7927K, committed 8640K, reserved 425984K
}
Event: 17.647 GC heap before
{Heap before GC invocations=13 (full 0):
 garbage-first heap   total 106496K, used 58802K [0x0000000080000000, 0x0000000100000000)
  region size 1024K, 20 young (20480K), 7 survivors (7168K)
 Metaspace       used 58654K, committed 60096K, reserved 491520K
  class space    used 8089K, committed 8768K, reserved 425984K
}
Event: 17.651 GC heap after
{Heap after GC invocations=14 (full 0):
 garbage-first heap   total 106496K, used 50435K [0x0000000080000000, 0x0000000100000000)
  region size 1024K, 3 young (3072K), 3 survivors (3072K)
 Metaspace       used 58654K, committed 60096K, reserved 491520K
  class space    used 8089K, committed 8768K, reserved 425984K
}
Event: 18.703 GC heap before
{Heap before GC invocations=15 (full 0):
 garbage-first heap   total 106496K, used 86275K [0x0000000080000000, 0x0000000100000000)
  region size 1024K, 39 young (39936K), 3 survivors (3072K)
 Metaspace       used 61889K, committed 63296K, reserved 491520K
  class space    used 8611K, committed 9280K, reserved 425984K
}
Event: 18.706 GC heap after
{Heap after GC invocations=16 (full 0):
 garbage-first heap   total 106496K, used 51814K [0x0000000080000000, 0x0000000100000000)
  region size 1024K, 4 young (4096K), 4 survivors (4096K)
 Metaspace       used 61889K, committed 63296K, reserved 491520K
  class space    used 8611K, committed 9280K, reserved 425984K
}
Event: 23.268 GC heap before
{Heap before GC invocations=16 (full 0):
 garbage-first heap   total 106496K, used 92774K [0x0000000080000000, 0x0000000100000000)
  region size 1024K, 42 young (43008K), 4 survivors (4096K)
 Metaspace       used 66039K, committed 67456K, reserved 491520K
  class space    used 9150K, committed 9856K, reserved 425984K
}
Event: 23.271 GC heap after
{Heap after GC invocations=17 (full 0):
 garbage-first heap   total 106496K, used 56314K [0x0000000080000000, 0x0000000100000000)
  region size 1024K, 5 young (5120K), 5 survivors (5120K)
 Metaspace       used 66039K, committed 67456K, reserved 491520K
  class space    used 9150K, committed 9856K, reserved 425984K
}
Event: 26.959 GC heap before
{Heap before GC invocations=17 (full 0):
 garbage-first heap   total 106496K, used 92154K [0x0000000080000000, 0x0000000100000000)
  region size 1024K, 40 young (40960K), 5 survivors (5120K)
 Metaspace       used 70402K, committed 71872K, reserved 491520K
  class space    used 9657K, committed 10368K, reserved 425984K
}
Event: 26.962 GC heap after
{Heap after GC invocations=18 (full 0):
 garbage-first heap   total 106496K, used 57564K [0x0000000080000000, 0x0000000100000000)
  region size 1024K, 2 young (2048K), 2 survivors (2048K)
 Metaspace       used 70402K, committed 71872K, reserved 491520K
  class space    used 9657K, committed 10368K, reserved 425984K
}

